[debug] [2023-03-02T08:37:42.271Z] ----------------------------------------------------------------------
[debug] [2023-03-02T08:37:42.272Z] Command:       C:\Program Files\nodejs\node.exe C:\Users\Bhavana\AppData\Roaming\npm\node_modules\firebase-tools\lib\bin\firebase.js init
[debug] [2023-03-02T08:37:42.273Z] CLI Version:   11.24.0
[debug] [2023-03-02T08:37:42.273Z] Platform:      win32
[debug] [2023-03-02T08:37:42.273Z] Node Version:  v16.17.0
[debug] [2023-03-02T08:37:42.274Z] Time:          Thu Mar 02 2023 14:07:42 GMT+0530 (India Standard Time)
[debug] [2023-03-02T08:37:42.274Z] ----------------------------------------------------------------------
[debug] 
[debug] [2023-03-02T08:37:42.281Z] > command requires scopes: ["email","openid","https://www.googleapis.com/auth/cloudplatformprojects.readonly","https://www.googleapis.com/auth/firebase","https://www.googleapis.com/auth/cloud-platform"]
[debug] [2023-03-02T08:37:42.282Z] > authorizing via signed-in user (hamaralabs.bhavana@gmail.com)
[info] 
     ######## #### ########  ######## ########     ###     ######  ########
     ##        ##  ##     ## ##       ##     ##  ##   ##  ##       ##
     ######    ##  ########  ######   ########  #########  ######  ######
     ##        ##  ##    ##  ##       ##     ## ##     ##       ## ##
     ##       #### ##     ## ######## ########  ##     ##  ######  ########

You're about to initialize a Firebase project in this directory:

  C:\Users\Bhavana\firebase-course

[info] 
=== Project Setup
[info] 
[info] First, let's associate this project directory with a Firebase project.
[info] You can create multiple project aliases by running firebase use --add, 
[info] but for now we'll just set up a default project.
[info] 
[debug] [2023-03-02T08:39:12.414Z] > refreshing access token with scopes: []
[debug] [2023-03-02T08:39:12.415Z] >>> [apiv2][query] POST https://www.googleapis.com/oauth2/v3/token [none]
[debug] [2023-03-02T08:39:12.415Z] >>> [apiv2][body] POST https://www.googleapis.com/oauth2/v3/token [omitted]
[debug] [2023-03-02T08:39:13.066Z] <<< [apiv2][status] POST https://www.googleapis.com/oauth2/v3/token 200
[debug] [2023-03-02T08:39:13.066Z] <<< [apiv2][body] POST https://www.googleapis.com/oauth2/v3/token [omitted]
[debug] [2023-03-02T08:39:13.090Z] >>> [apiv2][query] GET https://firebase.googleapis.com/v1beta1/projects pageSize=100
[debug] [2023-03-02T08:39:14.377Z] <<< [apiv2][status] GET https://firebase.googleapis.com/v1beta1/projects 200
[debug] [2023-03-02T08:39:14.378Z] <<< [apiv2][body] GET https://firebase.googleapis.com/v1beta1/projects [omitted]
[info] i  Using project courses-9c3c5 (courses) 
[info] 
=== Hosting Setup
[info] 
[info] Your public directory is the folder (relative to your project directory) that
[info] will contain Hosting assets to be uploaded with firebase deploy. If you
[info] have a build process for your assets, use your build's output directory.
[info] 
[debug] [2023-03-02T08:40:34.001Z] >>> [apiv2][query] GET https://www.gstatic.com/firebasejs/releases.json [none]
[debug] [2023-03-02T08:40:34.467Z] <<< [apiv2][status] GET https://www.gstatic.com/firebasejs/releases.json 200
[debug] [2023-03-02T08:40:34.468Z] <<< [apiv2][body] GET https://www.gstatic.com/firebasejs/releases.json {"current":{"version":"9.17.1","browserURL":"https://www.gstatic.com/firebasejs/9.17.1/firebase.js","packageURL":"https://www.gstatic.com/firebasejs/9.17.1/firebase.tgz"},"live":{"version":"9.17","browserURL":"https://www.gstatic.com/firebasejs/live/9.17/firebase.js","packageURL":"https://www.gstatic.com/firebasejs/live/9.17/firebase.tgz"},"components":{"analytics":"https://www.gstatic.com/firebasejs/9.17.1/firebase-analytics.js","app":"https://www.gstatic.com/firebasejs/9.17.1/firebase-app.js","app-check":"https://www.gstatic.com/firebasejs/9.17.1/firebase-app-check.js","auth":"https://www.gstatic.com/firebasejs/9.17.1/firebase-auth.js","auth/cordova":"https://www.gstatic.com/firebasejs/9.17.1/firebase-auth/cordova.js","auth/react-native":"https://www.gstatic.com/firebasejs/9.17.1/firebase-auth/react-native.js","functions":"https://www.gstatic.com/firebasejs/9.17.1/firebase-functions.js","firestore":"https://www.gstatic.com/firebasejs/9.17.1/firebase-firestore.js","firestore/lite":"https://www.gstatic.com/firebasejs/9.17.1/firebase-firestore/lite.js","installations":"https://www.gstatic.com/firebasejs/9.17.1/firebase-installations.js","storage":"https://www.gstatic.com/firebasejs/9.17.1/firebase-storage.js","performance":"https://www.gstatic.com/firebasejs/9.17.1/firebase-performance.js","remote-config":"https://www.gstatic.com/firebasejs/9.17.1/firebase-remote-config.js","messaging":"https://www.gstatic.com/firebasejs/9.17.1/firebase-messaging.js","messaging/sw":"https://www.gstatic.com/firebasejs/9.17.1/firebase-messaging/sw.js","database":"https://www.gstatic.com/firebasejs/9.17.1/firebase-database.js","firestore.memory":"https://www.gstatic.com/firebasejs/9.17.1/firebase-firestore.memory.js"}}
[info] i  Skipping write of public/index.html 
[info] 
[info] i  Detected a .git folder at C:\Users\Bhavana\firebase-course 
[info] i  Authorizing with GitHub to upload your service account to a GitHub repository's secrets store. 
[info] 
[info] Visit this URL on this device to log in:
[info] https://github.com/login/oauth/authorize?client_id=89cf50f02ac6aaed3484&state=208196372&redirect_uri=http%3A%2F%2Flocalhost%3A9005&scope=read%3Auser%20repo%20public_repo
[info] 
[info] Waiting for authentication...
[debug] [2023-03-02T08:41:07.521Z] >>> [apiv2][query] POST https://github.com/login/oauth/access_token [none]
[debug] [2023-03-02T08:41:07.521Z] >>> [apiv2][body] POST https://github.com/login/oauth/access_token [stream]
[debug] [2023-03-02T08:41:10.010Z] <<< [apiv2][status] POST https://github.com/login/oauth/access_token 200
[debug] [2023-03-02T08:41:10.010Z] <<< [apiv2][body] POST https://github.com/login/oauth/access_token {"access_token":"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","token_type":"bearer","scope":"read:user,repo"}
[debug] [2023-03-02T08:41:10.039Z] >>> [apiv2][query] GET https://api.github.com/user [none]
[debug] [2023-03-02T08:41:10.657Z] <<< [apiv2][status] GET https://api.github.com/user 200
[debug] [2023-03-02T08:41:10.658Z] <<< [apiv2][body] GET https://api.github.com/user {"login":"Bhavana-Bommada","id":110593265,"node_id":"U_kgDOBpeE8Q","avatar_url":"https://avatars.githubusercontent.com/u/110593265?v=4","gravatar_id":"","url":"https://api.github.com/users/Bhavana-Bommada","html_url":"https://github.com/Bhavana-Bommada","followers_url":"https://api.github.com/users/Bhavana-Bommada/followers","following_url":"https://api.github.com/users/Bhavana-Bommada/following{/other_user}","gists_url":"https://api.github.com/users/Bhavana-Bommada/gists{/gist_id}","starred_url":"https://api.github.com/users/Bhavana-Bommada/starred{/owner}{/repo}","subscriptions_url":"https://api.github.com/users/Bhavana-Bommada/subscriptions","organizations_url":"https://api.github.com/users/Bhavana-Bommada/orgs","repos_url":"https://api.github.com/users/Bhavana-Bommada/repos","events_url":"https://api.github.com/users/Bhavana-Bommada/events{/privacy}","received_events_url":"https://api.github.com/users/Bhavana-Bommada/received_events","type":"User","site_admin":false,"name":null,"company":null,"blog":"","location":null,"email":null,"hireable":null,"bio":null,"twitter_username":null,"public_repos":6,"public_gists":0,"followers":0,"following":0,"created_at":"2022-08-04T07:22:16Z","updated_at":"2023-03-01T05:58:00Z","private_gists":0,"total_private_repos":0,"owned_private_repos":0,"disk_usage":2,"collaborators":0,"two_factor_authentication":false,"plan":{"name":"free","space":976562499,"collaborators":0,"private_repos":10000}}
[info] 
[info] +  Success! Logged into GitHub as Bhavana-Bommada 
[info] 
[debug] [2023-03-02T08:46:54.256Z] >>> [apiv2][query] GET https://api.github.com/repos//actions/secrets/public-key type=owner
[debug] [2023-03-02T08:46:54.784Z] <<< [apiv2][status] GET https://api.github.com/repos//actions/secrets/public-key 404
[debug] [2023-03-02T08:46:54.784Z] <<< [apiv2][body] GET https://api.github.com/repos//actions/secrets/public-key {"message":"Not Found","documentation_url":"https://docs.github.com/rest"}
[debug] [2023-03-02T08:46:55.772Z] >>> [apiv2][query] GET https://api.github.com/repos//actions/secrets/public-key type=owner
[debug] [2023-03-02T08:46:56.264Z] <<< [apiv2][status] GET https://api.github.com/repos//actions/secrets/public-key 404
[debug] [2023-03-02T08:46:56.264Z] <<< [apiv2][body] GET https://api.github.com/repos//actions/secrets/public-key {"message":"Not Found","documentation_url":"https://docs.github.com/rest"}
